2025-01-26T18:15:30.126+01:00  INFO 47703 --- [service-log] [main] c.e.service_log.ServiceLogApplication    : Starting ServiceLogApplication using Java 21.0.5 with PID 47703 (/Volumes/Data/Downloads/service-log/target/classes started by iryna in /Volumes/Data/Downloads/service-log)
2025-01-26T18:15:30.129+01:00  INFO 47703 --- [service-log] [main] c.e.service_log.ServiceLogApplication    : No active profile set, falling back to 1 default profile: "default"
2025-01-26T18:15:32.322+01:00  INFO 47703 --- [service-log] [main] o.s.b.w.embedded.tomcat.TomcatWebServer  : Tomcat initialized with port 8082 (http)
2025-01-26T18:15:32.337+01:00  INFO 47703 --- [service-log] [main] o.apache.catalina.core.StandardService   : Starting service [Tomcat]
2025-01-26T18:15:32.337+01:00  INFO 47703 --- [service-log] [main] o.apache.catalina.core.StandardEngine    : Starting Servlet engine: [Apache Tomcat/10.1.34]
2025-01-26T18:15:32.397+01:00  INFO 47703 --- [service-log] [main] o.a.c.c.C.[Tomcat].[localhost].[/]       : Initializing Spring embedded WebApplicationContext
2025-01-26T18:15:32.398+01:00  INFO 47703 --- [service-log] [main] w.s.c.ServletWebServerApplicationContext : Root WebApplicationContext: initialization completed in 2148 ms
2025-01-26T18:15:32.998+01:00  WARN 47703 --- [service-log] [main] ion$DefaultTemplateResolverConfiguration : Cannot find template location: classpath:/templates/ (please add some templates, check your Thymeleaf configuration, or set spring.thymeleaf.check-template-location=false)
2025-01-26T18:15:33.277+01:00  INFO 47703 --- [service-log] [main] o.s.b.a.e.web.EndpointLinksResolver      : Exposing 1 endpoint beneath base path '/actuator'
2025-01-26T18:15:33.408+01:00  INFO 47703 --- [service-log] [main] o.s.b.w.embedded.tomcat.TomcatWebServer  : Tomcat started on port 8082 (http) with context path '/'
2025-01-26T18:15:33.429+01:00  INFO 47703 --- [service-log] [main] c.e.service_log.ServiceLogApplication    : Started ServiceLogApplication in 4.039 seconds (process running for 4.896)
2025-01-26T18:30:25.227+01:00  INFO 47703 --- [service-log] [http-nio-8082-exec-1] o.a.c.c.C.[Tomcat].[localhost].[/]       : Initializing Spring DispatcherServlet 'dispatcherServlet'
2025-01-26T18:30:25.228+01:00  INFO 47703 --- [service-log] [http-nio-8082-exec-1] o.s.web.servlet.DispatcherServlet        : Initializing Servlet 'dispatcherServlet'
2025-01-26T18:30:25.232+01:00  INFO 47703 --- [service-log] [http-nio-8082-exec-1] o.s.web.servlet.DispatcherServlet        : Completed initialization in 2 ms
2025-01-26T18:30:25.309+01:00  WARN 47703 --- [service-log] [http-nio-8082-exec-1] .w.s.m.s.DefaultHandlerExceptionResolver : Resolved [org.springframework.web.HttpRequestMethodNotSupportedException: Request method 'GET' is not supported]
2025-01-26T18:31:41.981+01:00  INFO 47703 --- [service-log] [SpringApplicationShutdownHook] o.s.b.w.e.tomcat.GracefulShutdown        : Commencing graceful shutdown. Waiting for active requests to complete
2025-01-26T18:31:41.994+01:00  INFO 47703 --- [service-log] [tomcat-shutdown] o.s.b.w.e.tomcat.GracefulShutdown        : Graceful shutdown complete
2025-01-26T18:31:45.959+01:00  INFO 48086 --- [service-log] [main] c.e.service_log.ServiceLogApplication    : Starting ServiceLogApplication using Java 21.0.5 with PID 48086 (/Volumes/Data/Downloads/service-log/target/classes started by iryna in /Volumes/Data/Downloads/service-log)
2025-01-26T18:31:45.962+01:00  INFO 48086 --- [service-log] [main] c.e.service_log.ServiceLogApplication    : No active profile set, falling back to 1 default profile: "default"
2025-01-26T18:31:48.058+01:00  INFO 48086 --- [service-log] [main] o.s.b.w.embedded.tomcat.TomcatWebServer  : Tomcat initialized with port 8081 (http)
2025-01-26T18:31:48.075+01:00  INFO 48086 --- [service-log] [main] o.apache.catalina.core.StandardService   : Starting service [Tomcat]
2025-01-26T18:31:48.076+01:00  INFO 48086 --- [service-log] [main] o.apache.catalina.core.StandardEngine    : Starting Servlet engine: [Apache Tomcat/10.1.34]
2025-01-26T18:31:48.146+01:00  INFO 48086 --- [service-log] [main] o.a.c.c.C.[Tomcat].[localhost].[/]       : Initializing Spring embedded WebApplicationContext
2025-01-26T18:31:48.146+01:00  INFO 48086 --- [service-log] [main] w.s.c.ServletWebServerApplicationContext : Root WebApplicationContext: initialization completed in 2128 ms
2025-01-26T18:31:48.727+01:00  WARN 48086 --- [service-log] [main] ion$DefaultTemplateResolverConfiguration : Cannot find template location: classpath:/templates/ (please add some templates, check your Thymeleaf configuration, or set spring.thymeleaf.check-template-location=false)
2025-01-26T18:31:49.026+01:00  INFO 48086 --- [service-log] [main] o.s.b.a.e.web.EndpointLinksResolver      : Exposing 1 endpoint beneath base path '/actuator'
2025-01-26T18:31:49.143+01:00  INFO 48086 --- [service-log] [main] o.s.b.w.embedded.tomcat.TomcatWebServer  : Tomcat started on port 8081 (http) with context path '/'
2025-01-26T18:31:49.164+01:00  INFO 48086 --- [service-log] [main] c.e.service_log.ServiceLogApplication    : Started ServiceLogApplication in 3.851 seconds (process running for 4.551)
2025-01-26T18:31:57.074+01:00  INFO 48086 --- [service-log] [http-nio-8081-exec-1] o.a.c.c.C.[Tomcat].[localhost].[/]       : Initializing Spring DispatcherServlet 'dispatcherServlet'
2025-01-26T18:31:57.075+01:00  INFO 48086 --- [service-log] [http-nio-8081-exec-1] o.s.web.servlet.DispatcherServlet        : Initializing Servlet 'dispatcherServlet'
2025-01-26T18:31:57.076+01:00  INFO 48086 --- [service-log] [http-nio-8081-exec-1] o.s.web.servlet.DispatcherServlet        : Completed initialization in 1 ms
2025-01-26T18:31:57.128+01:00  INFO 48086 --- [service-log] [http-nio-8081-exec-1] com.example.service_log.LogController    : Received log message: Shuffled array for number: 15
2025-01-26T18:32:13.163+01:00  WARN 48086 --- [service-log] [http-nio-8081-exec-2] .w.s.m.s.DefaultHandlerExceptionResolver : Resolved [org.springframework.web.HttpRequestMethodNotSupportedException: Request method 'GET' is not supported]
2025-01-26T18:32:15.487+01:00  WARN 48086 --- [service-log] [http-nio-8081-exec-4] .w.s.m.s.DefaultHandlerExceptionResolver : Resolved [org.springframework.web.HttpRequestMethodNotSupportedException: Request method 'GET' is not supported]
2025-01-26T18:40:33.016+01:00  INFO 48086 --- [service-log] [SpringApplicationShutdownHook] o.s.b.w.e.tomcat.GracefulShutdown        : Commencing graceful shutdown. Waiting for active requests to complete
2025-01-26T18:40:33.039+01:00  INFO 48086 --- [service-log] [tomcat-shutdown] o.s.b.w.e.tomcat.GracefulShutdown        : Graceful shutdown complete
2025-01-26T18:40:37.639+01:00  INFO 48277 --- [service-log] [main] c.e.service_log.ServiceLogApplication    : Starting ServiceLogApplication using Java 21.0.5 with PID 48277 (/Volumes/Data/Downloads/service-log/target/classes started by iryna in /Volumes/Data/Downloads/service-log)
2025-01-26T18:40:37.642+01:00  INFO 48277 --- [service-log] [main] c.e.service_log.ServiceLogApplication    : No active profile set, falling back to 1 default profile: "default"
2025-01-26T18:40:39.780+01:00  INFO 48277 --- [service-log] [main] o.s.b.w.embedded.tomcat.TomcatWebServer  : Tomcat initialized with port 8081 (http)
2025-01-26T18:40:39.799+01:00  INFO 48277 --- [service-log] [main] o.apache.catalina.core.StandardService   : Starting service [Tomcat]
2025-01-26T18:40:39.799+01:00  INFO 48277 --- [service-log] [main] o.apache.catalina.core.StandardEngine    : Starting Servlet engine: [Apache Tomcat/10.1.34]
2025-01-26T18:40:39.858+01:00  INFO 48277 --- [service-log] [main] o.a.c.c.C.[Tomcat].[localhost].[/]       : Initializing Spring embedded WebApplicationContext
2025-01-26T18:40:39.859+01:00  INFO 48277 --- [service-log] [main] w.s.c.ServletWebServerApplicationContext : Root WebApplicationContext: initialization completed in 2154 ms
2025-01-26T18:40:40.480+01:00  WARN 48277 --- [service-log] [main] ion$DefaultTemplateResolverConfiguration : Cannot find template location: classpath:/templates/ (please add some templates, check your Thymeleaf configuration, or set spring.thymeleaf.check-template-location=false)
2025-01-26T18:40:40.741+01:00  INFO 48277 --- [service-log] [main] o.s.b.a.e.web.EndpointLinksResolver      : Exposing 1 endpoint beneath base path '/actuator'
2025-01-26T18:40:40.861+01:00  INFO 48277 --- [service-log] [main] o.s.b.w.embedded.tomcat.TomcatWebServer  : Tomcat started on port 8081 (http) with context path '/'
2025-01-26T18:40:40.884+01:00  INFO 48277 --- [service-log] [main] c.e.service_log.ServiceLogApplication    : Started ServiceLogApplication in 3.958 seconds (process running for 4.618)
2025-01-26T18:41:07.960+01:00  INFO 48277 --- [service-log] [http-nio-8081-exec-1] o.a.c.c.C.[Tomcat].[localhost].[/]       : Initializing Spring DispatcherServlet 'dispatcherServlet'
2025-01-26T18:41:07.961+01:00  INFO 48277 --- [service-log] [http-nio-8081-exec-1] o.s.web.servlet.DispatcherServlet        : Initializing Servlet 'dispatcherServlet'
2025-01-26T18:41:07.962+01:00  INFO 48277 --- [service-log] [http-nio-8081-exec-1] o.s.web.servlet.DispatcherServlet        : Completed initialization in 1 ms
2025-01-26T18:41:08.014+01:00  INFO 48277 --- [service-log] [http-nio-8081-exec-1] com.example.service_log.LogController    : Received log message: Shuffled array for number: 15
2025-01-26T18:41:28.220+01:00  INFO 48277 --- [service-log] [http-nio-8081-exec-2] com.example.service_log.LogController    : Received log message: Shuffled array for number: 15
2025-01-26T18:41:32.743+01:00  INFO 48277 --- [service-log] [http-nio-8081-exec-3] com.example.service_log.LogController    : Received log message: Shuffled array for number: 45
2025-01-26T18:46:17.218+01:00  INFO 48277 --- [service-log] [http-nio-8081-exec-5] com.example.service_log.LogController    : Received log message: Shuffled array for number: 45
2025-01-26T18:54:31.192+01:00  INFO 48277 --- [service-log] [http-nio-8081-exec-7] com.example.service_log.LogController    : Received log message: Shuffled array for number: 43
2025-01-26T18:54:40.036+01:00  WARN 48277 --- [service-log] [http-nio-8081-exec-8] .w.s.m.s.DefaultHandlerExceptionResolver : Resolved [org.springframework.web.HttpRequestMethodNotSupportedException: Request method 'GET' is not supported]
2025-01-26T18:54:42.855+01:00  WARN 48277 --- [service-log] [http-nio-8081-exec-9] .w.s.m.s.DefaultHandlerExceptionResolver : Resolved [org.springframework.web.HttpRequestMethodNotSupportedException: Request method 'GET' is not supported]
2025-01-26T18:56:23.344+01:00  INFO 48277 --- [service-log] [http-nio-8081-exec-3] com.example.service_log.LogController    : Received log message: Shuffled array for number: 444
2025-01-26T18:56:30.406+01:00  WARN 48277 --- [service-log] [http-nio-8081-exec-4] .w.s.m.s.DefaultHandlerExceptionResolver : Resolved [org.springframework.web.HttpRequestMethodNotSupportedException: Request method 'GET' is not supported]
2025-01-26T18:56:58.810+01:00  WARN 48277 --- [service-log] [http-nio-8081-exec-5] .w.s.m.s.DefaultHandlerExceptionResolver : Resolved [org.springframework.web.HttpRequestMethodNotSupportedException: Request method 'GET' is not supported]
2025-01-26T18:57:44.537+01:00  WARN 48277 --- [service-log] [http-nio-8081-exec-8] .w.s.m.s.DefaultHandlerExceptionResolver : Resolved [org.springframework.web.HttpRequestMethodNotSupportedException: Request method 'GET' is not supported]
2025-01-26T19:01:24.644+01:00  WARN 48277 --- [service-log] [http-nio-8081-exec-1] .w.s.m.s.DefaultHandlerExceptionResolver : Resolved [org.springframework.web.HttpRequestMethodNotSupportedException: Request method 'GET' is not supported]
2025-01-26T19:02:19.196+01:00  INFO 48277 --- [service-log] [http-nio-8081-exec-3] com.example.service_log.LogController    : Received log message: 444
2025-01-26T19:04:01.099+01:00  INFO 48277 --- [service-log] [SpringApplicationShutdownHook] o.s.b.w.e.tomcat.GracefulShutdown        : Commencing graceful shutdown. Waiting for active requests to complete
2025-01-26T19:04:01.113+01:00  INFO 48277 --- [service-log] [tomcat-shutdown] o.s.b.w.e.tomcat.GracefulShutdown        : Graceful shutdown complete
2025-01-26T19:04:05.998+01:00  INFO 48833 --- [service-log] [main] c.e.service_log.ServiceLogApplication    : Starting ServiceLogApplication using Java 21.0.5 with PID 48833 (/Volumes/Data/Downloads/service-log/target/classes started by iryna in /Volumes/Data/Downloads/service-log)
2025-01-26T19:04:06.000+01:00  INFO 48833 --- [service-log] [main] c.e.service_log.ServiceLogApplication    : No active profile set, falling back to 1 default profile: "default"
2025-01-26T19:04:08.079+01:00  INFO 48833 --- [service-log] [main] o.s.b.w.embedded.tomcat.TomcatWebServer  : Tomcat initialized with port 8081 (http)
2025-01-26T19:04:08.096+01:00  INFO 48833 --- [service-log] [main] o.apache.catalina.core.StandardService   : Starting service [Tomcat]
2025-01-26T19:04:08.097+01:00  INFO 48833 --- [service-log] [main] o.apache.catalina.core.StandardEngine    : Starting Servlet engine: [Apache Tomcat/10.1.34]
2025-01-26T19:04:08.167+01:00  INFO 48833 --- [service-log] [main] o.a.c.c.C.[Tomcat].[localhost].[/]       : Initializing Spring embedded WebApplicationContext
2025-01-26T19:04:08.167+01:00  INFO 48833 --- [service-log] [main] w.s.c.ServletWebServerApplicationContext : Root WebApplicationContext: initialization completed in 2100 ms
2025-01-26T19:04:08.765+01:00  WARN 48833 --- [service-log] [main] ion$DefaultTemplateResolverConfiguration : Cannot find template location: classpath:/templates/ (please add some templates, check your Thymeleaf configuration, or set spring.thymeleaf.check-template-location=false)
2025-01-26T19:04:09.031+01:00  INFO 48833 --- [service-log] [main] o.s.b.a.e.web.EndpointLinksResolver      : Exposing 1 endpoint beneath base path '/actuator'
2025-01-26T19:04:09.181+01:00  INFO 48833 --- [service-log] [main] o.s.b.w.embedded.tomcat.TomcatWebServer  : Tomcat started on port 8081 (http) with context path '/'
2025-01-26T19:04:09.206+01:00  INFO 48833 --- [service-log] [main] c.e.service_log.ServiceLogApplication    : Started ServiceLogApplication in 3.925 seconds (process running for 4.626)
2025-01-26T19:05:12.635+01:00  INFO 48833 --- [service-log] [http-nio-8081-exec-1] o.a.c.c.C.[Tomcat].[localhost].[/]       : Initializing Spring DispatcherServlet 'dispatcherServlet'
2025-01-26T19:05:12.636+01:00  INFO 48833 --- [service-log] [http-nio-8081-exec-1] o.s.web.servlet.DispatcherServlet        : Initializing Servlet 'dispatcherServlet'
2025-01-26T19:05:12.640+01:00  INFO 48833 --- [service-log] [http-nio-8081-exec-1] o.s.web.servlet.DispatcherServlet        : Completed initialization in 3 ms
2025-01-26T19:05:12.718+01:00  WARN 48833 --- [service-log] [http-nio-8081-exec-1] .w.s.m.s.DefaultHandlerExceptionResolver : Resolved [org.springframework.web.HttpRequestMethodNotSupportedException: Request method 'GET' is not supported]
2025-01-26T19:05:44.504+01:00  INFO 48833 --- [service-log] [http-nio-8081-exec-2] com.example.service_log.LogController    : Received log message: 444
2025-01-26T19:05:45.639+01:00  INFO 48833 --- [service-log] [http-nio-8081-exec-4] com.example.service_log.LogController    : Received log message: 444
2025-01-26T19:10:12.255+01:00  INFO 48833 --- [service-log] [http-nio-8081-exec-8] com.example.service_log.LogController    : Received log message: Shuffled array for number: 444
2025-01-26T19:11:51.742+01:00  INFO 48833 --- [service-log] [http-nio-8081-exec-1] com.example.service_log.LogController    : Received log message: 444
2025-01-26T19:12:24.662+01:00  INFO 48833 --- [service-log] [http-nio-8081-exec-2] com.example.service_log.LogController    : Received log message: Shuffled array for number: 444
